SF:lib\core\services\info\device_info_service.dart
DA:9,1
DA:12,1
DA:14,1
DA:15,2
DA:16,3
DA:17,2
DA:18,3
LF:7
LH:7
end_of_record
SF:lib\core\utilities\platform_wrapper.dart
DA:4,0
DA:5,2
LF:2
LH:1
end_of_record
SF:lib\core\services\logger\error_logger_service.dart
DA:11,1
DA:14,0
DA:17,1
DA:25,1
DA:27,2
DA:28,2
LF:6
LH:5
end_of_record
SF:lib\core\utilities\debug_mode_wrapper.dart
DA:6,4
DA:7,12
LF:2
LH:2
end_of_record
SF:lib\core\services\connectivity\ping_service.dart
DA:27,1
DA:28,2
DA:32,4
DA:34,2
DA:35,4
DA:39,2
DA:40,4
DA:43,1
DA:44,5
DA:50,1
DA:58,1
DA:59,1
DA:60,1
DA:61,1
DA:62,2
DA:63,1
DA:65,1
DA:66,1
DA:68,1
DA:71,1
DA:72,1
DA:75,2
DA:77,3
DA:78,1
DA:81,7
DA:83,7
DA:85,2
DA:86,2
DA:88,0
DA:91,1
DA:92,1
DA:96,1
DA:98,1
DA:100,4
DA:101,0
DA:104,4
DA:105,0
DA:108,2
DA:110,2
DA:111,6
DA:115,3
DA:116,2
DA:117,3
DA:119,2
DA:120,2
DA:124,1
DA:128,1
DA:129,2
DA:130,2
DA:131,3
DA:135,1
DA:136,2
DA:140,1
DA:141,2
DA:145,1
DA:146,2
DA:147,3
DA:152,1
DA:153,2
DA:154,2
DA:155,2
DA:159,0
DA:160,0
DA:164,1
DA:165,2
DA:169,1
DA:170,2
DA:171,1
DA:172,1
DA:175,1
DA:176,1
DA:179,1
DA:182,1
DA:187,2
DA:194,1
DA:195,1
DA:196,1
DA:197,1
DA:198,1
DA:201,0
DA:202,0
DA:203,0
DA:204,0
DA:207,1
DA:209,1
DA:210,3
DA:211,1
DA:214,1
DA:217,1
DA:219,1
DA:223,1
DA:230,1
DA:231,3
DA:232,0
DA:234,0
DA:235,0
DA:241,1
DA:242,1
DA:244,1
DA:245,4
DA:251,0
DA:255,1
DA:256,1
DA:257,1
DA:258,1
DA:259,2
DA:260,2
DA:261,1
DA:269,1
DA:281,1
LF:110
LH:97
end_of_record
SF:lib\core\utilities\console_logger.dart
DA:15,0
DA:16,0
DA:22,12
DA:25,4
DA:32,16
DA:41,0
DA:44,0
DA:46,0
DA:49,0
DA:50,0
DA:54,0
DA:57,0
DA:58,0
DA:61,0
DA:62,0
DA:65,0
DA:66,0
DA:69,0
DA:70,0
DA:73,0
DA:74,0
DA:79,0
DA:84,0
DA:87,0
DA:91,0
DA:95,0
DA:98,0
DA:102,0
DA:107,0
DA:110,0
LF:30
LH:3
end_of_record
SF:lib\core\database\app_database.dart
DA:12,4
DA:14,12
DA:16,8
DA:20,0
DA:22,0
DA:30,0
DA:32,0
DA:35,0
DA:38,0
DA:39,0
DA:40,0
DA:41,0
DA:42,0
DA:43,0
DA:47,4
DA:49,4
DA:52,8
DA:53,8
DA:54,8
DA:55,8
DA:56,8
DA:57,8
DA:61,0
DA:63,0
DA:65,0
DA:67,0
DA:69,0
DA:71,0
LF:28
LH:11
end_of_record
SF:lib\data\datasources\local\product_local_datasource_impl.dart
DA:12,1
DA:14,1
DA:17,3
DA:19,1
DA:24,2
DA:26,0
DA:30,1
DA:33,3
DA:35,1
DA:37,2
DA:41,1
DA:43,0
DA:47,1
DA:50,3
DA:53,1
DA:56,1
DA:58,0
DA:62,1
DA:65,3
DA:68,1
DA:71,2
DA:73,3
DA:75,0
DA:79,1
DA:82,3
DA:85,1
DA:88,1
DA:89,4
DA:92,0
DA:96,0
DA:106,0
DA:109,0
DA:110,0
DA:115,0
DA:116,0
DA:119,0
LF:36
LH:24
end_of_record
SF:lib\data\models\product_model.dart
DA:15,4
DA:28,3
DA:29,3
DA:30,3
DA:31,3
DA:32,3
DA:33,3
DA:34,3
DA:35,3
DA:36,3
DA:37,3
DA:38,3
DA:39,3
DA:43,4
DA:44,4
DA:45,4
DA:46,4
DA:47,4
DA:48,4
DA:49,4
DA:50,4
DA:51,4
DA:52,4
DA:53,4
DA:54,4
DA:58,1
DA:59,1
DA:60,3
DA:61,1
DA:62,1
DA:63,1
DA:64,1
DA:65,1
DA:66,1
DA:67,1
DA:68,1
DA:69,1
DA:73,1
DA:74,1
DA:75,1
DA:76,1
DA:77,1
DA:78,1
DA:79,1
DA:80,1
DA:81,1
DA:82,1
DA:83,1
DA:84,1
LF:49
LH:49
end_of_record
SF:lib\core\common\result.dart
DA:7,22
DA:26,0
DA:31,0
DA:37,0
DA:38,0
DA:41,0
DA:44,0
DA:46,0
DA:47,0
DA:51,0
DA:53,0
DA:54,0
DA:55,0
DA:59,0
DA:61,0
DA:68,0
DA:69,0
DA:70,0
DA:73,0
DA:74,0
DA:75,0
DA:78,0
DA:79,0
DA:80,0
DA:83,0
DA:84,0
DA:85,0
DA:88,1
DA:89,1
DA:90,0
DA:93,24
DA:95,20
DA:97,0
DA:98,0
DA:99,0
DA:102,0
DA:103,0
DA:104,0
DA:107,0
DA:112,0
DA:113,0
DA:128,22
DA:147,14
LF:43
LH:7
end_of_record
SF:lib\core\database\database_config.dart
DA:3,0
LF:1
LH:0
end_of_record
SF:lib\domain\entities\product_entity.dart
DA:15,2
DA:28,0
DA:40,0
DA:41,0
DA:42,0
DA:43,0
DA:44,0
DA:45,0
DA:46,0
DA:47,0
DA:48,0
DA:49,0
DA:50,0
DA:54,0
DA:55,0
DA:56,0
DA:57,0
DA:58,0
DA:59,0
DA:60,0
DA:61,0
DA:62,0
DA:63,0
DA:64,0
DA:65,0
LF:25
LH:1
end_of_record
SF:lib\data\datasources\local\queued_action_local_datasource_impl.dart
DA:12,1
DA:14,1
DA:17,3
DA:19,1
DA:24,2
DA:26,0
DA:30,1
DA:33,3
DA:36,1
DA:39,1
DA:41,0
DA:45,1
DA:48,3
DA:51,1
DA:54,1
DA:56,3
DA:58,0
DA:62,1
DA:65,3
DA:69,1
DA:70,4
DA:73,0
LF:22
LH:18
end_of_record
SF:lib\data\models\queued_action_model.dart
DA:11,5
DA:20,1
DA:21,1
DA:22,1
DA:23,1
DA:24,1
DA:25,1
DA:26,2
DA:27,1
DA:31,2
DA:32,2
DA:33,2
DA:34,2
DA:35,2
DA:36,2
DA:37,2
DA:38,2
DA:42,1
DA:43,1
DA:44,1
DA:45,1
DA:46,1
DA:47,1
DA:48,1
DA:49,1
DA:53,1
DA:54,1
DA:55,1
DA:56,1
DA:57,1
DA:58,1
DA:59,1
DA:60,1
LF:33
LH:33
end_of_record
SF:lib\domain\entities\queued_action_entity.dart
DA:11,2
DA:20,0
DA:28,0
DA:29,0
DA:30,0
DA:31,0
DA:32,0
DA:33,0
DA:34,0
DA:38,0
DA:39,0
DA:40,0
DA:41,0
DA:42,0
DA:43,0
DA:44,0
DA:45,0
LF:17
LH:1
end_of_record
SF:lib\data\datasources\local\transaction_local_datasource_impl.dart
DA:15,1
DA:17,1
DA:20,4
DA:22,1
DA:24,1
DA:25,1
DA:26,1
DA:30,2
DA:32,1
DA:34,3
DA:36,2
DA:38,1
DA:40,1
DA:45,1
DA:48,2
DA:51,1
DA:53,0
DA:56,0
DA:57,0
DA:59,0
DA:61,0
DA:63,0
DA:69,1
DA:73,1
DA:76,1
DA:78,0
DA:82,1
DA:85,4
DA:87,1
DA:89,1
DA:90,1
DA:91,1
DA:93,2
DA:97,2
DA:99,1
DA:101,3
DA:103,1
DA:105,1
DA:107,2
DA:111,1
DA:114,2
DA:117,1
DA:119,0
DA:122,0
DA:123,0
DA:125,0
DA:127,0
DA:129,0
DA:135,1
DA:139,1
DA:141,0
DA:145,1
DA:148,4
DA:150,1
DA:153,1
DA:157,2
DA:158,1
DA:161,1
DA:164,2
DA:167,1
DA:168,0
DA:170,0
DA:171,0
DA:174,0
DA:176,0
DA:178,0
DA:184,1
DA:187,1
DA:191,1
DA:194,1
DA:198,1
DA:200,0
DA:204,1
DA:207,4
DA:209,1
DA:212,1
DA:215,1
DA:219,2
DA:222,1
DA:225,1
DA:228,4
DA:231,1
DA:234,1
DA:237,2
DA:241,1
DA:242,0
DA:248,1
DA:250,0
DA:254,1
DA:257,4
DA:258,1
DA:261,1
DA:265,4
DA:268,2
DA:270,1
DA:273,2
DA:276,4
DA:279,1
DA:282,1
DA:285,2
DA:289,1
DA:290,0
DA:297,1
DA:299,0
DA:303,0
DA:313,0
DA:314,0
DA:317,0
DA:318,0
DA:323,0
DA:325,0
DA:327,0
DA:330,0
DA:333,0
DA:336,0
DA:339,0
DA:342,0
DA:346,0
DA:347,0
DA:354,0
DA:356,0
LF:121
LH:79
end_of_record
SF:lib\data\models\ordered_product_model.dart
DA:15,2
DA:28,2
DA:29,2
DA:30,2
DA:31,2
DA:32,2
DA:33,2
DA:34,2
DA:35,2
DA:36,2
DA:37,2
DA:38,2
DA:39,2
DA:43,2
DA:44,2
DA:45,2
DA:46,2
DA:47,2
DA:48,2
DA:49,2
DA:50,2
DA:51,2
DA:52,2
DA:53,2
DA:54,2
DA:58,0
DA:59,0
DA:60,0
DA:61,0
DA:62,0
DA:63,0
DA:64,0
DA:65,0
DA:66,0
DA:67,0
DA:68,0
DA:69,0
DA:73,0
DA:74,0
DA:75,0
DA:76,0
DA:77,0
DA:78,0
DA:79,0
DA:80,0
DA:81,0
DA:82,0
DA:83,0
DA:84,0
LF:49
LH:25
end_of_record
SF:lib\data\models\transaction_model.dart
DA:20,4
DA:36,3
DA:37,3
DA:38,3
DA:39,3
DA:40,3
DA:41,3
DA:42,3
DA:43,3
DA:44,3
DA:45,0
DA:47,3
DA:48,3
DA:49,3
DA:50,3
DA:51,3
DA:52,3
DA:56,4
DA:57,4
DA:58,4
DA:59,4
DA:60,4
DA:61,4
DA:62,4
DA:63,4
DA:64,12
DA:65,4
DA:66,4
DA:67,4
DA:68,4
DA:69,4
DA:70,4
DA:74,1
DA:75,1
DA:76,3
DA:77,1
DA:78,1
DA:79,1
DA:80,1
DA:81,1
DA:82,1
DA:83,1
DA:84,1
DA:85,1
DA:86,1
DA:87,3
DA:88,3
DA:92,1
DA:93,1
DA:94,1
DA:95,1
DA:96,1
DA:97,1
DA:98,1
DA:99,1
DA:100,1
DA:101,1
DA:102,1
DA:103,1
DA:104,1
DA:105,1
DA:106,1
LF:62
LH:61
end_of_record
SF:lib\data\models\user_model.dart
DA:17,6
DA:30,3
DA:31,3
DA:32,3
DA:33,3
DA:34,3
DA:35,3
DA:36,3
DA:37,3
DA:38,3
DA:39,3
DA:40,3
DA:41,3
DA:45,4
DA:46,4
DA:47,4
DA:48,4
DA:49,4
DA:50,4
DA:51,4
DA:52,4
DA:53,4
DA:54,4
DA:55,4
DA:56,4
DA:60,1
DA:61,1
DA:62,1
DA:63,1
DA:64,1
DA:65,1
DA:66,1
DA:67,1
DA:68,1
DA:69,1
DA:70,3
DA:71,3
DA:75,1
DA:76,1
DA:77,1
DA:78,1
DA:79,1
DA:80,1
DA:81,1
DA:82,1
DA:83,1
DA:84,1
DA:85,1
DA:86,1
DA:91,1
DA:95,1
DA:96,1
DA:97,1
DA:98,1
DA:99,1
DA:102,1
LF:56
LH:56
end_of_record
SF:lib\domain\entities\ordered_product_entity.dart
DA:15,0
DA:28,0
DA:40,0
DA:41,0
DA:42,0
DA:43,0
DA:44,0
DA:45,0
DA:46,0
DA:47,0
DA:48,0
DA:49,0
DA:50,0
DA:54,0
DA:55,0
DA:56,0
DA:57,0
DA:58,0
DA:59,0
DA:60,0
DA:61,0
DA:62,0
DA:63,0
DA:64,0
DA:65,0
LF:25
LH:0
end_of_record
SF:lib\domain\entities\transaction_entity.dart
DA:21,2
DA:37,1
DA:52,1
DA:53,0
DA:54,1
DA:55,1
DA:56,1
DA:57,1
DA:58,1
DA:59,1
DA:60,1
DA:61,1
DA:62,0
DA:63,1
DA:64,1
DA:65,1
DA:69,0
DA:70,0
DA:71,0
DA:72,0
DA:73,0
DA:74,0
DA:75,0
DA:76,0
DA:77,0
DA:78,0
DA:79,0
DA:80,0
DA:81,0
DA:82,0
DA:83,0
LF:31
LH:14
end_of_record
SF:lib\domain\entities\user_entity.dart
DA:15,4
DA:28,1
DA:40,1
DA:41,0
DA:42,1
DA:43,1
DA:44,0
DA:45,1
DA:46,1
DA:47,1
DA:48,1
DA:49,1
DA:50,1
DA:54,0
DA:55,0
DA:56,0
DA:57,0
DA:58,0
DA:59,0
DA:60,0
DA:61,0
DA:62,0
DA:63,0
DA:64,0
DA:65,0
LF:25
LH:11
end_of_record
SF:lib\data\datasources\local\user_local_datasource_impl.dart
DA:12,1
DA:14,1
DA:17,3
DA:19,1
DA:24,2
DA:26,0
DA:30,1
DA:33,3
DA:35,1
DA:37,2
DA:41,1
DA:43,0
DA:47,1
DA:50,3
DA:53,1
DA:56,1
DA:58,0
DA:62,1
DA:65,3
DA:68,1
DA:71,2
DA:73,3
DA:75,0
LF:23
LH:19
end_of_record
SF:lib\data\datasources\remote\auth_remote_datasource_impl.dart
DA:16,1
DA:21,1
DA:24,2
DA:25,2
DA:29,2
DA:31,1
DA:33,2
DA:37,1
DA:38,1
DA:39,1
DA:42,2
DA:44,1
DA:45,1
DA:48,3
DA:50,1
DA:54,1
DA:57,2
DA:58,2
DA:59,1
DA:61,1
DA:65,1
DA:68,2
DA:69,2
DA:71,1
LF:24
LH:24
end_of_record
SF:lib\core\constants\constants.dart
DA:3,0
LF:1
LH:0
end_of_record
SF:lib\firebase_options.dart
DA:18,0
DA:22,0
DA:23,0
DA:25,0
DA:27,0
DA:29,0
DA:31,0
DA:32,0
DA:37,0
LF:9
LH:0
end_of_record
SF:lib\data\datasources\remote\product_remote_datasource_impl.dart
DA:10,1
DA:12,1
DA:15,7
DA:17,2
DA:19,0
DA:23,1
DA:26,1
DA:27,1
DA:28,3
DA:29,3
DA:31,1
DA:33,0
DA:37,1
DA:40,5
DA:41,1
DA:43,0
DA:47,1
DA:50,5
DA:51,2
DA:52,3
DA:54,0
DA:58,1
DA:61,4
DA:62,6
DA:63,1
DA:65,0
DA:69,0
DA:83,0
DA:84,0
DA:85,0
DA:86,0
DA:87,0
DA:88,0
DA:93,0
DA:94,0
DA:95,0
DA:96,0
DA:97,0
DA:98,0
DA:100,0
DA:103,0
DA:105,0
DA:109,0
DA:110,0
DA:111,0
DA:113,0
LF:46
LH:21
end_of_record
SF:lib\data\datasources\remote\storage_remote_datasource_impl.dart
DA:11,1
DA:13,1
DA:15,1
DA:16,1
DA:17,1
DA:18,4
DA:20,1
DA:22,2
DA:24,2
DA:26,1
DA:29,1
DA:31,1
DA:32,1
DA:33,1
DA:34,4
DA:36,1
DA:38,2
DA:40,2
DA:42,1
LF:19
LH:19
end_of_record
SF:lib\data\datasources\remote\transaction_remote_datasource_impl.dart
DA:13,1
DA:15,1
DA:18,3
DA:20,5
DA:21,1
DA:23,1
DA:24,1
DA:25,1
DA:28,2
DA:29,3
DA:31,2
DA:32,5
DA:34,1
DA:36,1
DA:40,6
DA:41,1
DA:43,0
DA:46,0
DA:47,0
DA:48,0
DA:50,0
DA:52,0
DA:58,1
DA:61,1
DA:63,0
DA:67,1
DA:70,3
DA:72,5
DA:73,1
DA:75,1
DA:76,1
DA:77,1
DA:80,2
DA:81,3
DA:83,5
DA:85,1
DA:87,1
DA:91,6
DA:93,1
DA:95,0
DA:98,0
DA:99,0
DA:100,0
DA:102,0
DA:104,0
DA:110,1
DA:112,0
DA:116,1
DA:119,3
DA:121,1
DA:122,1
DA:123,1
DA:124,1
DA:127,2
DA:128,2
DA:129,5
DA:130,1
DA:132,1
DA:133,0
DA:135,0
DA:136,0
DA:138,0
DA:145,2
DA:149,4
DA:150,1
DA:153,1
DA:155,0
DA:159,1
DA:162,3
DA:164,4
DA:165,1
DA:167,1
DA:171,2
DA:174,1
DA:175,1
DA:176,2
DA:177,1
DA:179,6
DA:182,1
DA:185,4
DA:186,1
DA:189,1
DA:190,0
DA:196,1
DA:198,0
DA:202,1
DA:205,3
DA:206,1
DA:207,1
DA:208,1
DA:209,1
DA:211,6
DA:213,2
DA:215,1
DA:216,1
DA:217,2
DA:218,1
DA:220,6
DA:222,1
DA:225,4
DA:226,1
DA:228,1
DA:229,0
DA:236,1
DA:238,0
DA:242,0
DA:252,0
DA:253,0
DA:254,0
DA:255,0
DA:256,0
DA:257,0
DA:262,0
DA:263,0
DA:264,0
DA:265,0
DA:266,0
DA:267,0
DA:269,0
DA:272,0
DA:274,0
DA:278,0
DA:280,0
DA:282,0
DA:283,0
DA:284,0
DA:285,0
DA:286,0
DA:288,0
DA:290,0
DA:292,0
DA:294,0
DA:295,0
DA:299,0
DA:301,0
LF:135
LH:82
end_of_record
SF:lib\data\datasources\remote\user_remote_datasource_impl.dart
DA:10,1
DA:12,1
DA:15,6
DA:17,2
DA:19,0
DA:23,1
DA:26,7
DA:27,1
DA:29,0
DA:33,1
DA:36,4
DA:37,1
DA:39,0
DA:43,1
DA:46,4
DA:47,3
DA:48,5
DA:50,0
LF:18
LH:14
end_of_record
SF:lib\data\repositories\auth_repository_impl.dart
DA:9,1
DA:13,1
DA:16,2
DA:17,3
DA:19,3
DA:21,1
DA:25,1
DA:28,2
DA:29,3
DA:31,1
DA:33,1
DA:37,1
DA:40,2
DA:41,3
DA:43,3
DA:45,1
LF:16
LH:16
end_of_record
SF:lib\data\repositories\queued_action_repository_impl.dart
DA:24,1
DA:32,1
DA:35,2
DA:36,3
DA:38,6
DA:40,1
DA:44,1
DA:47,3
DA:49,1
DA:51,2
DA:53,2
DA:55,1
DA:57,2
DA:60,1
DA:62,0
DA:66,1
DA:69,4
DA:71,1
DA:73,1
DA:75,3
DA:76,2
DA:78,1
DA:80,3
DA:81,2
DA:84,2
DA:85,1
DA:89,1
DA:91,2
DA:92,2
DA:93,3
DA:95,2
DA:96,1
DA:98,1
DA:101,2
DA:102,1
DA:104,2
DA:105,1
DA:107,1
DA:110,2
DA:111,3
DA:113,2
DA:114,1
DA:116,1
DA:120,2
DA:121,2
DA:122,3
DA:124,2
DA:125,1
DA:127,1
DA:130,2
DA:131,2
DA:133,2
DA:134,1
DA:136,1
DA:139,2
DA:140,3
DA:142,2
DA:143,1
DA:145,1
DA:149,2
DA:150,2
DA:151,3
DA:153,2
DA:154,3
DA:156,1
DA:159,2
DA:160,2
DA:162,2
DA:163,3
DA:165,1
DA:168,2
DA:169,3
DA:171,2
DA:172,1
DA:174,1
DA:178,1
DA:180,2
DA:181,1
LF:78
LH:77
end_of_record
SF:lib\data\repositories\product_repository_impl.dart
DA:20,1
DA:27,1
DA:30,2
DA:31,2
DA:32,3
DA:34,2
DA:35,3
DA:37,3
DA:40,1
DA:43,1
DA:46,1
DA:48,0
DA:52,1
DA:62,2
DA:71,1
DA:73,2
DA:74,2
DA:83,1
DA:85,3
DA:91,1
DA:93,6
DA:96,0
DA:100,6
DA:102,0
DA:106,1
DA:109,2
DA:110,1
DA:112,2
DA:113,2
DA:114,1
DA:116,4
DA:117,4
DA:119,1
DA:125,1
DA:127,3
DA:130,0
DA:134,3
DA:136,0
DA:140,1
DA:143,1
DA:145,2
DA:146,3
DA:148,2
DA:149,2
DA:150,1
DA:152,2
DA:153,1
DA:154,2
DA:157,2
DA:159,2
DA:163,1
DA:166,2
DA:168,0
DA:172,1
DA:175,2
DA:176,1
DA:178,2
DA:179,2
DA:180,3
DA:182,2
DA:183,1
DA:184,2
DA:187,1
DA:189,2
DA:193,1
DA:196,1
DA:198,0
DA:202,1
DA:205,3
DA:206,1
DA:208,2
DA:209,3
DA:210,1
DA:212,2
DA:213,1
DA:214,2
DA:217,3
DA:219,2
DA:223,1
DA:226,1
DA:228,0
DA:233,1
DA:241,2
DA:242,6
DA:246,2
DA:248,2
DA:249,2
DA:254,2
DA:255,2
DA:258,1
DA:259,1
DA:263,2
DA:264,2
DA:267,0
DA:268,0
DA:273,2
DA:274,2
DA:275,2
DA:280,2
DA:282,2
DA:285,2
DA:286,2
LF:102
LH:92
end_of_record
SF:lib\data\repositories\storage_repository_impl.dart
DA:11,1
DA:16,1
DA:19,3
DA:21,2
DA:22,3
DA:24,2
DA:26,1
DA:30,1
DA:33,3
DA:35,2
DA:36,3
DA:38,2
DA:40,1
LF:13
LH:13
end_of_record
SF:lib\data\repositories\transaction_repository_impl.dart
DA:20,1
DA:27,1
DA:30,2
DA:31,2
DA:32,3
DA:34,2
DA:35,3
DA:37,3
DA:40,1
DA:43,1
DA:46,1
DA:48,1
DA:52,1
DA:62,2
DA:71,3
DA:73,2
DA:74,2
DA:83,1
DA:85,3
DA:91,1
DA:93,6
DA:96,0
DA:100,6
DA:102,0
DA:106,1
DA:109,2
DA:110,3
DA:112,2
DA:113,2
DA:114,1
DA:116,4
DA:117,4
DA:119,1
DA:125,1
DA:127,3
DA:130,0
DA:134,3
DA:136,0
DA:140,1
DA:143,1
DA:145,2
DA:146,3
DA:148,2
DA:149,2
DA:150,3
DA:152,2
DA:153,1
DA:154,2
DA:157,2
DA:159,2
DA:163,3
DA:166,2
DA:168,0
DA:172,1
DA:175,2
DA:176,1
DA:178,2
DA:179,2
DA:180,3
DA:182,2
DA:183,1
DA:184,2
DA:187,1
DA:189,2
DA:193,1
DA:196,1
DA:198,0
DA:202,1
DA:205,1
DA:207,2
DA:208,3
DA:210,2
DA:211,2
DA:212,1
DA:214,2
DA:215,1
DA:216,2
DA:219,2
DA:221,2
DA:225,1
DA:228,1
DA:230,0
DA:235,1
DA:243,2
DA:244,6
DA:248,2
DA:250,2
DA:251,2
DA:256,2
DA:257,2
DA:260,1
DA:261,1
DA:265,2
DA:266,2
DA:269,2
DA:270,2
DA:275,2
DA:276,2
DA:277,2
DA:282,2
DA:284,2
DA:287,2
DA:288,2
LF:103
LH:96
end_of_record
SF:lib\data\repositories\user_repository_impl.dart
DA:20,1
DA:27,1
DA:30,2
DA:31,3
DA:33,2
DA:34,2
DA:35,3
DA:37,3
DA:43,1
DA:45,3
DA:48,3
DA:52,3
DA:54,1
DA:58,1
DA:61,3
DA:62,3
DA:64,2
DA:65,5
DA:66,3
DA:68,2
DA:69,1
DA:70,2
DA:73,5
DA:75,2
DA:79,3
DA:82,2
DA:84,0
DA:88,1
DA:91,2
DA:92,3
DA:94,2
DA:95,2
DA:96,3
DA:98,2
DA:99,1
DA:100,2
DA:105,2
DA:109,1
DA:112,1
DA:114,1
DA:118,1
DA:121,3
DA:122,3
DA:124,2
DA:125,3
DA:126,3
DA:128,2
DA:129,1
DA:130,2
DA:133,3
DA:135,2
DA:139,1
DA:142,1
DA:144,1
DA:149,1
DA:155,2
DA:156,2
DA:159,2
DA:160,2
DA:163,2
DA:164,2
DA:171,2
DA:172,2
DA:175,1
DA:176,1
DA:180,2
DA:181,2
DA:184,2
DA:185,2
LF:69
LH:68
end_of_record
SF:lib\domain\usecases\auth_usecases.dart
DA:8,1
DA:12,1
DA:13,2
DA:17,1
DA:21,1
DA:22,2
DA:26,1
DA:30,1
DA:31,2
LF:9
LH:9
end_of_record
SF:lib\domain\usecases\params\no_param.dart
DA:4,0
DA:5,0
LF:2
LH:0
end_of_record
SF:lib\domain\usecases\params\base_params.dart
DA:11,2
DA:20,0
DA:21,0
LF:3
LH:1
end_of_record
SF:lib\domain\usecases\product_usecases.dart
DA:8,1
DA:12,1
DA:13,2
DA:17,1
DA:21,1
DA:22,2
DA:23,1
DA:24,1
DA:25,1
DA:26,1
DA:27,1
DA:28,1
DA:33,1
DA:37,1
DA:38,2
DA:42,1
DA:46,1
DA:47,2
DA:51,1
DA:55,1
DA:56,2
DA:60,1
DA:64,1
DA:65,2
LF:24
LH:24
end_of_record
SF:lib\domain\usecases\queued_action_usecases.dart
DA:8,1
DA:12,1
DA:13,2
DA:17,1
DA:21,1
DA:23,2
LF:6
LH:6
end_of_record
SF:lib\domain\usecases\storage_usecases.dart
DA:6,1
DA:10,1
DA:11,2
DA:15,1
DA:19,1
DA:20,2
LF:6
LH:6
end_of_record
SF:lib\domain\usecases\transaction_usecases.dart
DA:8,1
DA:12,1
DA:13,2
DA:17,1
DA:21,1
DA:23,2
DA:24,1
DA:25,1
DA:26,1
DA:27,1
DA:28,1
DA:29,1
DA:35,1
DA:39,1
DA:40,2
DA:44,1
DA:48,1
DA:49,2
DA:53,1
DA:57,1
DA:58,2
DA:62,1
DA:66,1
DA:67,2
LF:24
LH:24
end_of_record
SF:lib\domain\usecases\user_usecases.dart
DA:7,1
DA:11,1
DA:12,2
DA:16,1
DA:20,1
DA:22,3
DA:24,1
DA:25,3
DA:28,2
DA:33,1
DA:37,1
DA:38,2
DA:42,1
DA:46,1
DA:47,2
LF:15
LH:15
end_of_record
SF:lib\app\di\dependency_injection.dart
DA:42,3
DA:45,0
DA:47,0
DA:48,0
DA:49,0
DA:50,0
DA:51,0
DA:52,0
DA:55,0
DA:58,0
DA:59,0
DA:60,0
DA:64,0
DA:65,0
DA:67,0
DA:68,0
DA:70,0
DA:71,0
DA:73,0
DA:74,0
DA:78,0
DA:79,0
DA:80,0
DA:81,0
DA:84,0
DA:85,0
DA:87,0
DA:88,0
DA:90,0
DA:91,0
DA:93,0
DA:94,0
DA:98,0
DA:99,0
DA:100,0
DA:103,0
DA:104,0
DA:105,0
DA:106,0
DA:109,0
DA:110,0
DA:111,0
DA:112,0
DA:113,0
DA:114,0
DA:117,0
DA:118,0
DA:119,0
DA:120,0
DA:121,0
DA:122,0
DA:125,0
DA:126,0
DA:127,0
DA:128,0
DA:129,0
DA:130,0
DA:133,0
DA:134,0
DA:135,0
DA:136,0
DA:137,0
DA:138,0
DA:139,0
DA:144,0
DA:145,0
DA:146,0
DA:147,0
DA:148,0
DA:149,0
DA:150,0
DA:151,0
DA:152,0
DA:155,0
DA:156,0
DA:157,0
DA:158,0
DA:161,0
DA:162,0
DA:163,0
DA:164,0
DA:167,0
DA:168,0
DA:169,0
DA:170,0
DA:173,0
DA:174,0
DA:175,0
DA:176,0
DA:179,0
DA:180,0
DA:181,0
DA:182,0
DA:183,0
DA:184,0
DA:187,0
DA:188,0
DA:189,0
DA:190,0
DA:191,0
DA:194,0
DA:195,0
DA:197,0
DA:198,0
DA:200,0
DA:201,0
DA:205,0
DA:209,0
DA:210,0
DA:211,0
DA:212,0
DA:213,0
DA:214,0
DA:215,0
DA:216,0
DA:217,0
DA:218,0
LF:117
LH:1
end_of_record
SF:lib\app\routes\app_routes.dart
DA:24,1
DA:26,1
DA:30,3
DA:36,2
DA:38,1
DA:39,2
DA:41,2
DA:43,1
DA:44,1
DA:45,0
DA:46,1
DA:47,2
DA:48,2
DA:60,1
DA:61,1
DA:62,1
DA:63,1
DA:68,2
DA:70,0
DA:71,0
DA:75,0
DA:79,2
DA:81,1
DA:86,2
DA:87,1
DA:88,0
DA:89,0
DA:91,1
DA:92,1
DA:93,1
DA:94,1
DA:95,1
DA:99,2
DA:101,0
DA:108,2
DA:110,0
DA:115,1
DA:116,1
DA:117,1
DA:118,1
DA:122,2
DA:124,0
DA:129,1
DA:130,1
DA:134,2
DA:136,0
DA:141,1
DA:142,1
DA:143,1
DA:147,2
DA:149,1
DA:150,0
DA:155,2
DA:157,0
DA:158,0
DA:164,0
DA:168,2
DA:170,0
DA:171,0
DA:177,0
DA:181,2
DA:183,0
DA:184,0
DA:190,0
DA:194,2
DA:196,0
DA:201,2
DA:203,0
LF:68
LH:46
end_of_record
SF:lib\presentation\providers\auth\auth_provider.dart
DA:17,0
DA:22,0
DA:25,0
DA:27,0
DA:28,0
DA:30,0
DA:31,0
DA:33,0
DA:36,0
DA:37,0
DA:38,0
DA:39,0
DA:41,0
DA:42,0
DA:44,0
DA:45,0
DA:51,0
DA:52,0
DA:53,0
DA:54,0
DA:56,0
DA:57,0
DA:59,0
LF:23
LH:0
end_of_record
SF:lib\presentation\providers\account\account_provider.dart
DA:21,0
DA:36,0
DA:37,0
DA:38,0
DA:39,0
DA:40,0
DA:41,0
DA:42,0
DA:45,0
DA:46,0
DA:49,0
DA:51,0
DA:52,0
DA:53,0
DA:54,0
DA:55,0
DA:57,0
DA:58,0
DA:60,0
DA:64,0
DA:66,0
DA:69,0
DA:70,0
DA:71,0
DA:74,0
DA:76,0
DA:78,0
DA:79,0
DA:80,0
DA:81,0
DA:84,0
DA:88,0
DA:89,0
DA:93,0
DA:94,0
DA:95,0
DA:98,0
DA:99,0
DA:100,0
DA:103,0
DA:104,0
DA:105,0
DA:108,0
DA:109,0
DA:110,0
LF:45
LH:0
end_of_record
SF:lib\presentation\providers\home\home_provider.dart
DA:19,0
DA:34,0
DA:35,0
DA:36,0
DA:37,0
DA:38,0
DA:39,0
DA:40,0
DA:43,0
DA:45,0
DA:48,0
DA:49,0
DA:50,0
DA:51,0
DA:52,0
DA:53,0
DA:55,0
DA:56,0
DA:57,0
DA:58,0
DA:61,0
DA:63,0
DA:64,0
DA:67,0
DA:71,0
DA:72,0
DA:76,0
DA:77,0
DA:78,0
DA:81,0
DA:82,0
DA:84,0
DA:85,0
DA:87,0
DA:88,0
DA:89,0
DA:91,0
DA:92,0
DA:93,0
DA:94,0
DA:97,0
DA:100,0
DA:103,0
DA:104,0
DA:105,0
DA:108,0
DA:109,0
DA:110,0
DA:111,0
DA:112,0
DA:115,0
DA:116,0
DA:117,0
DA:120,0
DA:121,0
DA:122,0
DA:125,0
DA:126,0
DA:127,0
DA:130,0
DA:131,0
DA:132,0
DA:135,0
DA:136,0
DA:137,0
DA:140,0
DA:141,0
DA:142,0
LF:68
LH:0
end_of_record
SF:lib\presentation\providers\main\main_provider.dart
DA:31,0
DA:48,0
DA:49,0
DA:50,0
DA:51,0
DA:52,0
DA:53,0
DA:56,0
DA:57,0
DA:58,0
DA:61,0
DA:63,0
DA:65,0
DA:66,0
DA:67,0
DA:71,0
DA:73,0
DA:75,0
DA:76,0
DA:81,0
DA:83,0
DA:84,0
DA:87,0
DA:90,0
DA:92,0
DA:93,0
DA:97,0
DA:99,0
DA:100,0
DA:102,0
DA:103,0
DA:105,0
DA:106,0
DA:112,0
DA:113,0
DA:119,0
DA:120,0
DA:121,0
DA:122,0
DA:126,0
DA:127,0
DA:128,0
DA:132,0
DA:135,0
DA:138,0
DA:139,0
DA:142,0
DA:143,0
DA:145,0
DA:146,0
DA:148,0
DA:155,0
DA:156,0
DA:157,0
DA:160,0
DA:161,0
DA:162,0
DA:164,0
DA:167,0
DA:168,0
DA:169,0
LF:61
LH:0
end_of_record
SF:lib\presentation\providers\products\product_detail_provider.dart
DA:10,0
DA:12,0
DA:13,0
DA:15,0
DA:16,0
DA:18,0
LF:6
LH:0
end_of_record
SF:lib\presentation\providers\products\product_form_provider.dart
DA:21,0
DA:36,0
DA:37,0
DA:38,0
DA:39,0
DA:40,0
DA:41,0
DA:42,0
DA:43,0
DA:46,0
DA:48,0
DA:49,0
DA:53,0
DA:55,0
DA:56,0
DA:58,0
DA:59,0
DA:60,0
DA:61,0
DA:62,0
DA:64,0
DA:65,0
DA:67,0
DA:71,0
DA:73,0
DA:76,0
DA:77,0
DA:78,0
DA:81,0
DA:83,0
DA:85,0
DA:86,0
DA:87,0
DA:88,0
DA:89,0
DA:92,0
DA:95,0
DA:99,0
DA:100,0
DA:104,0
DA:106,0
DA:109,0
DA:110,0
DA:111,0
DA:114,0
DA:116,0
DA:119,0
DA:120,0
DA:121,0
DA:122,0
DA:123,0
DA:126,0
DA:129,0
DA:133,0
DA:134,0
DA:138,0
DA:140,0
DA:143,0
DA:147,0
DA:148,0
DA:152,0
DA:153,0
DA:154,0
DA:157,0
DA:158,0
DA:159,0
DA:162,0
DA:163,0
DA:164,0
DA:167,0
DA:168,0
DA:169,0
DA:172,0
DA:173,0
DA:174,0
DA:177,0
DA:178,0
DA:179,0
DA:180,0
DA:181,0
DA:184,0
LF:81
LH:0
end_of_record
SF:lib\presentation\providers\products\products_provider.dart
DA:13,0
DA:22,0
DA:23,0
DA:27,0
DA:28,0
DA:31,0
DA:37,0
DA:39,0
DA:41,0
DA:43,0
DA:46,0
DA:47,0
DA:49,0
LF:13
LH:0
end_of_record
SF:lib\presentation\providers\theme\theme_provider.dart
DA:8,0
DA:10,0
DA:11,0
DA:14,0
LF:4
LH:0
end_of_record
SF:lib\presentation\providers\transactions\transaction_detail_provider.dart
DA:10,0
DA:12,0
DA:13,0
DA:15,0
DA:16,0
DA:18,0
LF:6
LH:0
end_of_record
SF:lib\presentation\providers\transactions\transactions_provider.dart
DA:13,0
DA:22,0
DA:23,0
DA:27,0
DA:28,0
DA:31,0
DA:37,0
DA:39,0
DA:41,0
DA:43,0
DA:46,0
DA:47,0
DA:49,0
LF:13
LH:0
end_of_record
SF:lib\presentation\screens\account\about_screen.dart
DA:10,1
DA:12,0
DA:13,0
DA:22,0
DA:24,0
DA:25,0
DA:27,0
DA:28,0
DA:29,0
DA:30,0
DA:32,0
DA:34,0
DA:37,0
DA:39,0
DA:40,0
DA:44,0
DA:45,0
DA:47,0
DA:49,0
DA:56,0
DA:58,0
DA:60,0
DA:61,0
DA:63,0
DA:65,0
DA:68,0
DA:69,0
DA:71,0
DA:73,0
DA:77,0
DA:80,0
DA:83,0
DA:86,0
DA:89,0
DA:90,0
DA:91,0
DA:94,0
DA:99,0
DA:102,0
DA:109,0
DA:111,0
DA:112,0
DA:114,0
DA:115,0
DA:118,0
DA:119,0
DA:124,0
DA:127,0
DA:131,0
DA:132,0
DA:137,0
DA:139,0
DA:140,0
DA:142,0
DA:143,0
DA:146,0
DA:147,0
DA:152,0
DA:155,0
DA:159,0
DA:160,0
LF:61
LH:1
end_of_record
SF:lib\presentation\screens\account\account_screen.dart
DA:17,1
DA:19,0
DA:21,0
DA:22,0
DA:23,0
DA:25,0
DA:26,0
DA:27,0
DA:28,0
DA:29,0
DA:30,0
DA:31,0
DA:38,0
DA:39,0
DA:40,0
DA:41,0
DA:43,0
DA:44,0
DA:45,0
DA:46,0
DA:49,0
DA:50,0
DA:53,0
DA:54,0
DA:55,0
DA:60,0
DA:61,0
DA:62,0
DA:71,0
DA:72,0
DA:74,0
DA:75,0
DA:76,0
DA:77,0
DA:79,0
DA:80,0
DA:81,0
DA:87,0
DA:89,0
DA:101,0
DA:102,0
DA:108,0
DA:109,0
DA:111,0
DA:112,0
DA:113,0
DA:114,0
DA:116,0
DA:117,0
DA:118,0
DA:124,0
DA:126,0
DA:138,0
DA:139,0
DA:142,0
DA:143,0
DA:144,0
DA:145,0
DA:146,0
DA:147,0
DA:148,0
DA:149,0
DA:153,0
DA:155,0
DA:169,0
DA:170,0
DA:172,0
DA:173,0
DA:174,0
DA:175,0
DA:177,0
DA:178,0
DA:179,0
DA:185,0
DA:187,0
DA:199,0
DA:200,0
DA:206,0
DA:207,0
DA:209,0
DA:210,0
DA:211,0
DA:212,0
DA:214,0
DA:215,0
DA:216,0
DA:222,0
DA:224,0
DA:236,0
DA:237,0
DA:242,0
DA:243,0
DA:245,0
DA:247,0
DA:248,0
DA:250,0
LF:96
LH:1
end_of_record
SF:lib\presentation\screens\account\profile_form_screen.dart
DA:22,1
DA:24,0
DA:25,0
DA:35,0
DA:37,0
DA:38,0
DA:40,0
DA:41,0
DA:42,0
DA:44,0
DA:47,0
DA:49,0
DA:50,0
DA:51,0
DA:52,0
DA:55,0
DA:56,0
DA:63,0
DA:64,0
DA:66,0
DA:67,0
DA:68,0
DA:73,0
DA:74,0
DA:78,0
DA:80,0
DA:81,0
DA:85,0
DA:86,0
DA:87,0
DA:92,0
DA:94,0
DA:96,0
DA:97,0
DA:98,0
DA:99,0
DA:100,0
DA:101,0
DA:110,0
DA:111,0
DA:113,0
DA:114,0
DA:116,0
DA:119,0
DA:120,0
DA:121,0
DA:122,0
DA:123,0
DA:124,0
DA:125,0
DA:126,0
DA:127,0
DA:130,0
DA:131,0
DA:132,0
DA:133,0
DA:135,0
DA:140,0
DA:143,0
DA:148,0
DA:159,0
DA:160,0
DA:162,0
DA:163,0
DA:166,0
DA:171,0
DA:172,0
DA:174,0
DA:175,0
DA:178,0
DA:183,0
DA:184,0
DA:186,0
DA:187,0
DA:191,0
DA:192,0
DA:197,0
DA:198,0
DA:203,0
DA:205,0
DA:206,0
DA:212,0
DA:213,0
DA:214,0
DA:217,0
DA:218,0
DA:219,0
DA:221,0
LF:88
LH:1
end_of_record
SF:lib\presentation\screens\auth\sign_in\sign_in_screen.dart
DA:13,1
DA:15,1
DA:17,1
DA:18,1
DA:20,1
DA:21,1
DA:22,1
DA:23,1
DA:30,1
DA:31,1
DA:32,1
DA:35,1
DA:37,1
DA:43,1
DA:45,4
DA:47,1
DA:50,3
DA:58,1
DA:59,1
DA:61,1
DA:62,3
DA:64,1
DA:65,3
DA:67,3
LF:24
LH:24
end_of_record
SF:lib\presentation\screens\error\error_screen.dart
DA:12,0
DA:14,0
DA:16,0
DA:17,0
DA:18,0
DA:20,0
DA:21,0
DA:22,0
DA:23,0
DA:26,0
DA:27,0
DA:28,0
DA:29,0
DA:32,0
DA:34,0
LF:15
LH:0
end_of_record
SF:lib\presentation\screens\home\home_screen.dart
DA:28,1
DA:30,0
DA:31,0
DA:43,0
DA:45,0
DA:46,0
DA:47,0
DA:50,0
DA:52,0
DA:53,0
DA:54,0
DA:55,0
DA:58,0
DA:60,0
DA:61,0
DA:65,0
DA:66,0
DA:67,0
DA:70,0
DA:72,0
DA:73,0
DA:74,0
DA:76,0
DA:77,0
DA:78,0
DA:79,0
DA:80,0
DA:89,0
DA:93,0
DA:94,0
DA:99,0
DA:100,0
DA:101,0
DA:102,0
DA:103,0
DA:104,0
DA:105,0
DA:106,0
DA:109,0
DA:110,0
DA:112,0
DA:116,0
DA:118,0
DA:119,0
DA:120,0
DA:121,0
DA:126,0
DA:127,0
DA:128,0
DA:130,0
DA:141,0
DA:142,0
DA:143,0
DA:144,0
DA:146,0
DA:148,0
DA:150,0
DA:151,0
DA:152,0
DA:153,0
DA:154,0
DA:155,0
DA:156,0
DA:158,0
DA:162,0
DA:163,0
DA:164,0
DA:167,0
DA:168,0
DA:170,0
DA:173,0
DA:176,0
DA:177,0
DA:178,0
DA:183,0
DA:184,0
DA:192,0
DA:193,0
DA:194,0
DA:195,0
DA:196,0
DA:198,0
DA:200,0
DA:203,0
DA:204,0
DA:205,0
DA:208,0
DA:210,0
DA:211,0
DA:219,0
DA:220,0
DA:221,0
DA:222,0
DA:225,0
DA:226,0
DA:227,0
DA:230,0
DA:231,0
DA:232,0
DA:233,0
DA:234,0
DA:235,0
DA:236,0
DA:238,0
DA:239,0
DA:240,0
DA:246,0
DA:248,0
DA:251,0
DA:252,0
DA:253,0
DA:264,0
DA:265,0
DA:268,0
DA:270,0
DA:273,0
DA:279,0
DA:281,0
DA:288,0
DA:289,0
DA:290,0
DA:296,0
DA:298,0
DA:299,0
DA:311,0
DA:312,0
DA:313,0
DA:317,0
DA:318,0
DA:319,0
DA:320,0
DA:322,0
DA:323,0
DA:328,0
DA:329,0
DA:331,0
DA:332,0
DA:335,0
DA:337,0
DA:339,0
DA:340,0
DA:341,0
DA:342,0
DA:343,0
DA:345,0
DA:351,0
DA:352,0
DA:354,0
DA:355,0
DA:356,0
LF:150
LH:1
end_of_record
SF:lib\presentation\screens\main\main_screen.dart
DA:14,0
DA:19,0
DA:20,0
DA:27,0
DA:29,0
DA:30,0
DA:31,0
DA:33,0
DA:36,0
DA:38,0
DA:39,0
DA:41,0
DA:47,0
DA:51,0
DA:52,0
DA:53,0
DA:72,0
DA:73,0
DA:80,0
DA:81,0
DA:83,0
DA:87,0
DA:91,0
DA:95,0
DA:102,0
DA:104,0
DA:105,0
DA:106,0
DA:107,0
DA:108,0
DA:109,0
DA:110,0
DA:111,0
LF:33
LH:0
end_of_record
SF:lib\presentation\screens\products\product_detail_screen.dart
DA:17,0
DA:22,0
DA:24,0
DA:25,0
DA:28,0
DA:30,0
DA:31,0
DA:32,0
DA:33,0
DA:37,0
DA:38,0
DA:41,0
DA:45,0
DA:46,0
DA:48,0
DA:49,0
DA:50,0
DA:52,0
DA:54,0
DA:55,0
DA:57,0
DA:58,0
DA:59,0
DA:61,0
DA:62,0
DA:63,0
DA:64,0
DA:76,0
DA:77,0
DA:79,0
DA:81,0
DA:83,0
DA:84,0
DA:85,0
DA:86,0
DA:89,0
DA:92,0
DA:94,0
DA:97,0
DA:102,0
DA:103,0
DA:109,0
DA:116,0
DA:118,0
DA:120,0
DA:121,0
DA:123,0
DA:125,0
DA:132,0
DA:138,0
DA:140,0
DA:141,0
DA:143,0
DA:145,0
DA:148,0
DA:149,0
DA:150,0
DA:152,0
DA:155,0
DA:156,0
DA:157,0
DA:159,0
DA:166,0
DA:167,0
DA:169,0
DA:171,0
DA:172,0
DA:174,0
DA:176,0
DA:177,0
DA:178,0
DA:185,0
DA:186,0
DA:188,0
DA:190,0
DA:191,0
DA:193,0
DA:195,0
DA:196,0
DA:197,0
DA:204,0
DA:205,0
DA:207,0
DA:209,0
DA:210,0
DA:212,0
DA:214,0
DA:215,0
DA:216,0
DA:223,0
DA:224,0
DA:226,0
DA:228,0
DA:229,0
DA:231,0
DA:233,0
DA:235,0
LF:97
LH:0
end_of_record
SF:lib\presentation\screens\products\product_form_screen.dart
DA:25,1
DA:30,0
DA:31,0
DA:42,0
DA:44,0
DA:45,0
DA:47,0
DA:48,0
DA:49,0
DA:50,0
DA:52,0
DA:55,0
DA:57,0
DA:58,0
DA:59,0
DA:60,0
DA:61,0
DA:64,0
DA:65,0
DA:72,0
DA:73,0
DA:75,0
DA:76,0
DA:77,0
DA:82,0
DA:83,0
DA:87,0
DA:89,0
DA:90,0
DA:91,0
DA:94,0
DA:95,0
DA:96,0
DA:101,0
DA:103,0
DA:105,0
DA:106,0
DA:107,0
DA:108,0
DA:109,0
DA:110,0
DA:111,0
DA:112,0
DA:121,0
DA:122,0
DA:123,0
DA:124,0
DA:126,0
DA:127,0
DA:129,0
DA:131,0
DA:134,0
DA:135,0
DA:136,0
DA:137,0
DA:138,0
DA:139,0
DA:140,0
DA:143,0
DA:144,0
DA:145,0
DA:146,0
DA:148,0
DA:153,0
DA:156,0
DA:161,0
DA:172,0
DA:173,0
DA:175,0
DA:176,0
DA:179,0
DA:184,0
DA:185,0
DA:187,0
DA:188,0
DA:192,0
DA:197,0
DA:198,0
DA:200,0
DA:201,0
DA:205,0
DA:206,0
DA:211,0
DA:212,0
DA:214,0
DA:215,0
DA:219,0
DA:224,0
DA:225,0
DA:226,0
DA:227,0
DA:229,0
DA:230,0
DA:231,0
DA:232,0
DA:233,0
DA:234,0
DA:236,0
DA:245,0
DA:246,0
DA:248,0
DA:253,0
DA:255,0
DA:256,0
DA:257,0
DA:258,0
DA:263,0
DA:264,0
DA:265,0
DA:266,0
DA:267,0
DA:275,0
DA:276,0
DA:277,0
DA:280,0
DA:281,0
DA:282,0
DA:284,0
DA:288,0
DA:289,0
DA:290,0
DA:293,0
DA:294,0
DA:295,0
DA:297,0
DA:301,0
DA:302,0
DA:303,0
DA:306,0
DA:307,0
DA:308,0
DA:310,0
LF:132
LH:1
end_of_record
SF:lib\presentation\screens\products\products_screen.dart
DA:17,1
DA:19,0
DA:20,0
DA:30,0
DA:32,0
DA:33,0
DA:34,0
DA:36,0
DA:39,0
DA:41,0
DA:42,0
DA:43,0
DA:44,0
DA:47,0
DA:49,0
DA:50,0
DA:51,0
DA:52,0
DA:57,0
DA:59,0
DA:60,0
DA:64,0
DA:66,0
DA:67,0
DA:68,0
DA:69,0
DA:71,0
DA:72,0
DA:73,0
DA:75,0
DA:76,0
DA:77,0
DA:83,0
DA:85,0
DA:88,0
DA:89,0
DA:90,0
DA:98,0
DA:99,0
DA:102,0
DA:105,0
DA:110,0
DA:112,0
DA:119,0
DA:120,0
DA:121,0
DA:127,0
DA:128,0
DA:139,0
DA:140,0
DA:142,0
DA:144,0
DA:146,0
DA:147,0
DA:148,0
DA:149,0
DA:152,0
DA:155,0
DA:157,0
DA:160,0
DA:165,0
DA:170,0
DA:171,0
DA:172,0
DA:176,0
DA:177,0
DA:178,0
DA:179,0
DA:181,0
DA:182,0
DA:187,0
DA:188,0
DA:190,0
LF:73
LH:1
end_of_record
SF:lib\presentation\screens\transactions\transaction_detail_screen.dart
DA:18,0
DA:20,0
DA:22,0
DA:23,0
DA:24,0
DA:25,0
DA:26,0
DA:27,0
DA:31,0
DA:32,0
DA:35,0
DA:39,0
DA:41,0
DA:42,0
DA:43,0
DA:45,0
DA:47,0
DA:57,0
DA:58,0
DA:59,0
DA:66,0
DA:69,0
DA:75,0
DA:76,0
DA:78,0
DA:79,0
DA:80,0
DA:82,0
DA:84,0
DA:85,0
DA:87,0
DA:88,0
DA:90,0
DA:92,0
DA:93,0
DA:94,0
DA:99,0
DA:101,0
DA:102,0
DA:104,0
DA:106,0
DA:107,0
DA:108,0
DA:113,0
DA:115,0
DA:116,0
DA:118,0
DA:120,0
DA:121,0
DA:122,0
DA:127,0
DA:129,0
DA:130,0
DA:132,0
DA:134,0
DA:135,0
DA:136,0
DA:141,0
DA:143,0
DA:144,0
DA:146,0
DA:148,0
DA:149,0
DA:150,0
DA:155,0
DA:157,0
DA:158,0
DA:160,0
DA:162,0
DA:163,0
DA:164,0
DA:173,0
DA:174,0
DA:176,0
DA:177,0
DA:178,0
DA:180,0
DA:182,0
DA:183,0
DA:185,0
DA:186,0
DA:188,0
DA:190,0
DA:191,0
DA:192,0
DA:197,0
DA:198,0
DA:199,0
DA:200,0
DA:203,0
DA:204,0
DA:206,0
DA:207,0
DA:209,0
DA:211,0
DA:212,0
DA:213,0
DA:217,0
DA:218,0
DA:220,0
DA:221,0
DA:223,0
DA:225,0
DA:226,0
DA:227,0
DA:231,0
DA:232,0
DA:234,0
DA:235,0
DA:237,0
DA:239,0
DA:240,0
DA:241,0
DA:250,0
DA:251,0
DA:253,0
DA:254,0
DA:255,0
DA:256,0
DA:259,0
DA:261,0
DA:262,0
DA:263,0
DA:264,0
DA:266,0
DA:267,0
DA:268,0
LF:127
LH:0
end_of_record
SF:lib\presentation\screens\transactions\transactions_screen.dart
DA:14,1
DA:16,0
DA:17,0
DA:27,0
DA:29,0
DA:30,0
DA:31,0
DA:33,0
DA:36,0
DA:38,0
DA:39,0
DA:40,0
DA:43,0
DA:45,0
DA:46,0
DA:50,0
DA:52,0
DA:53,0
DA:58,0
DA:59,0
DA:60,0
DA:61,0
DA:63,0
DA:64,0
DA:65,0
DA:67,0
DA:68,0
DA:69,0
DA:75,0
DA:77,0
DA:80,0
DA:81,0
DA:82,0
DA:90,0
DA:100,0
DA:102,0
DA:103,0
DA:104,0
DA:105,0
DA:111,0
DA:112,0
DA:123,0
DA:124,0
DA:125,0
DA:129,0
DA:130,0
DA:131,0
DA:132,0
DA:134,0
DA:135,0
LF:50
LH:1
end_of_record
SF:lib\app\routes\params\error_screen_param.dart
DA:9,0
LF:1
LH:0
end_of_record
SF:lib\core\assets\assets.dart
DA:3,0
LF:1
LH:0
end_of_record
SF:lib\core\extensions\string_casing_extension.dart
DA:2,0
DA:3,0
LF:2
LH:0
end_of_record
SF:lib\core\locale\app_locale.dart
DA:6,0
DA:8,0
LF:2
LH:0
end_of_record
SF:lib\core\themes\app_colors.dart
DA:6,0
LF:1
LH:0
end_of_record
SF:lib\core\themes\app_sizes.dart
DA:6,0
DA:12,0
DA:13,0
DA:14,0
DA:15,0
DA:16,0
LF:6
LH:0
end_of_record
SF:lib\core\themes\app_theme.dart
DA:9,0
DA:11,0
DA:13,0
DA:22,0
DA:31,0
DA:32,0
DA:33,0
DA:34,0
DA:35,0
DA:36,0
DA:38,0
DA:39,0
DA:40,0
DA:41,0
DA:42,0
DA:43,0
DA:44,0
DA:46,0
DA:47,0
DA:48,0
DA:52,0
DA:58,0
DA:59,0
DA:60,0
DA:61,0
DA:62,0
DA:63,0
DA:64,0
DA:67,0
DA:71,0
DA:72,0
DA:73,0
DA:74,0
DA:75,0
DA:76,0
DA:78,0
DA:79,0
DA:80,0
DA:84,0
DA:87,0
DA:90,0
DA:91,0
DA:92,0
DA:93,0
DA:94,0
DA:95,0
DA:99,0
DA:100,0
DA:101,0
DA:103,0
DA:104,0
DA:105,0
DA:106,0
DA:108,0
DA:109,0
DA:111,0
DA:112,0
DA:113,0
DA:114,0
DA:117,0
DA:118,0
DA:120,0
DA:121,0
DA:124,0
DA:126,0
DA:127,0
DA:128,0
DA:134,0
LF:68
LH:0
end_of_record
SF:lib\core\utilities\currency_formatter.dart
DA:7,0
DA:11,0
DA:12,0
DA:13,0
DA:15,0
DA:18,0
DA:19,0
DA:20,0
DA:23,0
DA:26,0
DA:27,0
DA:28,0
DA:31,0
DA:34,0
DA:35,0
DA:36,0
DA:37,0
LF:17
LH:0
end_of_record
SF:lib\core\utilities\date_time_formatter.dart
DA:4,0
DA:6,0
DA:7,0
DA:13,0
DA:16,0
DA:17,0
DA:23,0
DA:26,0
DA:27,0
DA:33,0
DA:36,0
DA:37,0
DA:43,0
DA:46,0
DA:47,0
DA:53,0
DA:56,0
DA:57,0
DA:63,0
DA:66,0
DA:67,0
DA:73,0
DA:76,0
DA:77,0
DA:83,0
DA:86,0
DA:87,0
DA:93,0
DA:96,0
DA:97,0
DA:103,0
DA:106,0
DA:107,0
DA:113,0
DA:116,0
DA:117,0
DA:123,0
DA:126,0
DA:127,0
DA:133,0
DA:136,0
DA:137,0
DA:143,0
DA:146,0
DA:147,0
DA:153,0
DA:156,0
DA:157,0
DA:163,0
DA:166,0
DA:167,0
DA:173,0
DA:176,0
DA:177,0
DA:183,0
DA:186,0
DA:187,0
DA:193,0
DA:196,0
DA:197,0
DA:203,0
LF:61
LH:0
end_of_record
SF:lib\core\utilities\external_launcher.dart
DA:6,0
DA:8,0
DA:11,0
DA:12,0
DA:14,0
DA:17,0
DA:18,0
DA:22,0
DA:26,0
DA:27,0
DA:30,0
DA:31,0
DA:33,0
DA:35,0
DA:36,0
DA:40,0
DA:41,0
DA:43,0
DA:44,0
LF:19
LH:0
end_of_record
SF:lib\presentation\widgets\app_dialog.dart
DA:11,0
DA:32,0
DA:33,0
DA:35,0
DA:38,0
DA:39,0
DA:41,0
DA:66,1
DA:73,5
DA:74,0
DA:76,1
DA:78,1
DA:81,1
DA:82,1
DA:84,1
DA:88,1
DA:89,1
DA:90,1
DA:93,3
DA:96,1
DA:98,1
DA:99,4
DA:101,4
DA:103,3
DA:115,0
DA:119,0
DA:120,0
DA:123,0
DA:126,0
DA:127,0
DA:129,0
DA:141,0
DA:144,0
DA:149,0
DA:156,0
DA:157,0
DA:158,0
DA:185,1
DA:208,1
DA:210,1
DA:211,1
DA:212,1
DA:213,1
DA:214,1
DA:215,1
DA:216,1
DA:218,1
DA:220,1
DA:222,1
DA:224,1
DA:225,1
DA:226,1
DA:227,1
DA:236,1
DA:237,1
DA:238,1
DA:245,1
DA:246,1
DA:248,4
DA:254,1
DA:255,1
DA:256,1
DA:257,1
DA:258,0
DA:259,0
DA:261,0
DA:263,1
DA:267,1
DA:268,1
DA:270,1
DA:272,1
DA:273,1
DA:274,1
DA:275,1
DA:276,1
DA:277,1
DA:278,4
DA:280,5
DA:281,4
DA:282,0
DA:283,0
DA:284,0
DA:285,0
DA:287,0
DA:294,2
DA:297,1
DA:298,0
DA:299,0
DA:300,0
DA:301,0
DA:303,0
DA:304,0
DA:305,0
DA:306,0
DA:307,0
DA:308,0
DA:310,0
LF:97
LH:57
end_of_record
SF:lib\presentation\widgets\app_snack_bar.dart
DA:6,0
DA:10,0
DA:11,0
DA:13,0
DA:14,0
DA:16,0
DA:17,0
DA:18,0
DA:19,0
DA:20,0
LF:10
LH:0
end_of_record
SF:lib\presentation\widgets\app_button.dart
DA:21,1
DA:39,1
DA:41,1
DA:42,1
DA:43,1
DA:44,2
DA:45,1
DA:46,2
DA:48,2
DA:49,1
DA:50,1
DA:51,1
DA:52,1
DA:53,1
DA:54,1
DA:55,4
DA:56,0
DA:57,2
DA:58,1
DA:60,1
DA:61,5
DA:62,0
DA:65,1
DA:66,1
DA:67,1
DA:68,1
DA:70,0
DA:77,1
DA:78,1
DA:79,1
DA:80,1
DA:82,4
DA:84,1
DA:85,1
DA:86,4
DA:87,0
LF:36
LH:32
end_of_record
SF:lib\presentation\widgets\app_icon_button.dart
DA:13,0
DA:25,0
DA:27,0
DA:28,0
DA:30,0
DA:31,0
DA:33,0
DA:34,0
DA:35,0
DA:36,0
DA:37,0
DA:38,0
DA:39,0
DA:40,0
DA:42,0
DA:43,0
DA:44,0
DA:45,0
LF:18
LH:0
end_of_record
SF:lib\presentation\widgets\app_progress_indicator.dart
DA:11,1
DA:18,0
DA:20,0
DA:21,0
DA:23,0
DA:24,0
DA:25,0
DA:27,0
DA:31,0
DA:33,0
DA:34,0
DA:35,0
DA:37,0
DA:38,0
DA:39,0
LF:15
LH:1
end_of_record
SF:lib\presentation\widgets\app_text_field.dart
DA:38,0
DA:64,0
DA:65,0
DA:71,0
DA:73,0
DA:74,0
DA:77,0
DA:79,0
DA:80,0
DA:81,0
DA:83,0
DA:84,0
DA:85,0
DA:87,0
DA:88,0
DA:89,0
DA:90,0
DA:95,0
DA:96,0
DA:97,0
DA:98,0
DA:99,0
DA:100,0
DA:101,0
DA:103,0
DA:105,0
DA:107,0
DA:108,0
DA:109,0
DA:110,0
DA:111,0
DA:113,0
DA:114,0
DA:115,0
DA:116,0
DA:117,0
DA:120,0
DA:121,0
DA:122,0
DA:123,0
DA:124,0
DA:125,0
DA:126,0
DA:128,0
DA:129,0
DA:130,0
DA:134,0
DA:136,0
DA:140,0
DA:141,0
DA:145,0
DA:147,0
DA:151,0
DA:152,0
DA:156,0
DA:158,0
DA:169,0
DA:170,0
DA:171,0
DA:174,0
DA:177,0
DA:178,0
DA:179,0
DA:182,0
DA:183,0
DA:185,0
DA:188,0
DA:190,0
DA:196,0
DA:197,0
DA:199,0
DA:206,0
DA:207,0
DA:208,0
DA:211,0
DA:212,0
DA:213,0
DA:215,0
DA:218,0
DA:219,0
DA:221,0
DA:222,0
DA:225,0
DA:235,0
DA:236,0
DA:237,0
DA:240,0
DA:247,0
DA:248,0
DA:249,0
DA:252,0
DA:253,0
DA:259,0
DA:260,0
DA:261,0
DA:264,0
LF:96
LH:0
end_of_record
SF:lib\presentation\widgets\app_error_widget.dart
DA:11,0
DA:13,0
DA:15,0
DA:17,0
DA:18,0
DA:20,0
DA:21,0
DA:23,0
DA:24,0
DA:27,0
DA:30,0
DA:32,0
DA:34,0
DA:38,0
DA:39,0
DA:41,0
DA:46,0
DA:47,0
DA:49,0
DA:52,0
LF:20
LH:0
end_of_record
SF:lib\presentation\screens\home\components\cart_panel_body.dart
DA:11,1
DA:13,0
DA:14,0
DA:18,0
DA:20,0
DA:23,0
DA:25,0
DA:26,0
DA:27,0
DA:33,0
DA:34,0
DA:35,0
DA:36,0
DA:37,0
DA:38,0
DA:46,0
DA:47,0
DA:48,0
DA:49,0
DA:50,0
DA:52,0
DA:53,0
DA:55,0
DA:56,0
DA:57,0
DA:58,0
DA:59,0
DA:60,0
DA:61,0
DA:62,0
DA:64,0
DA:65,0
DA:77,0
DA:78,0
DA:79,0
DA:80,0
DA:82,0
DA:83,0
DA:84,0
DA:86,0
DA:90,0
DA:92,0
DA:93,0
DA:94,0
DA:95,0
DA:97,0
DA:98,0
DA:99,0
LF:48
LH:1
end_of_record
SF:lib\presentation\widgets\app_empty_state.dart
DA:12,1
DA:20,0
DA:22,0
DA:23,0
DA:25,0
DA:27,0
DA:28,0
DA:31,0
DA:34,0
DA:35,0
DA:37,0
DA:39,0
DA:43,0
DA:44,0
DA:46,0
DA:47,0
DA:51,0
DA:52,0
DA:53,0
DA:54,0
DA:55,0
DA:56,0
DA:57,0
LF:23
LH:1
end_of_record
SF:lib\presentation\screens\home\components\order_card.dart
DA:20,0
DA:32,0
DA:33,0
DA:39,0
DA:41,0
DA:42,0
DA:45,0
DA:47,0
DA:48,0
DA:51,0
DA:53,0
DA:54,0
DA:55,0
DA:56,0
DA:57,0
DA:59,0
DA:60,0
DA:61,0
DA:63,0
DA:65,0
DA:67,0
DA:69,0
DA:70,0
DA:71,0
DA:73,0
DA:74,0
DA:75,0
DA:78,0
DA:81,0
DA:83,0
DA:84,0
DA:85,0
DA:86,0
DA:87,0
DA:88,0
DA:91,0
DA:93,0
DA:98,0
DA:99,0
DA:100,0
DA:103,0
DA:110,0
DA:113,0
DA:114,0
DA:117,0
DA:118,0
DA:119,0
DA:120,0
DA:121,0
DA:123,0
DA:128,0
DA:129,0
DA:133,0
DA:135,0
DA:136,0
DA:137,0
DA:138,0
DA:143,0
DA:144,0
DA:145,0
DA:159,0
DA:160,0
DA:163,0
DA:164,0
DA:165,0
DA:169,0
DA:170,0
DA:171,0
DA:172,0
DA:173,0
DA:174,0
DA:177,0
DA:181,0
DA:182,0
DA:183,0
DA:185,0
DA:187,0
DA:190,0
DA:191,0
DA:192,0
DA:193,0
DA:195,0
DA:199,0
DA:201,0
DA:205,0
DA:206,0
DA:207,0
DA:209,0
DA:211,0
DA:214,0
DA:215,0
DA:216,0
DA:217,0
DA:219,0
LF:94
LH:0
end_of_record
SF:lib\presentation\screens\home\components\cart_panel_footer.dart
DA:17,1
DA:19,0
DA:20,0
DA:30,0
DA:32,0
DA:33,0
DA:34,0
DA:35,0
DA:38,0
DA:40,0
DA:41,0
DA:43,0
DA:44,0
DA:45,0
DA:46,0
DA:47,0
DA:48,0
DA:49,0
DA:52,0
DA:54,0
DA:55,0
DA:56,0
DA:62,0
DA:64,0
DA:71,0
DA:72,0
DA:74,0
DA:75,0
DA:76,0
DA:77,0
DA:78,0
DA:79,0
DA:84,0
DA:85,0
DA:86,0
DA:87,0
DA:88,0
DA:89,0
DA:90,0
DA:91,0
DA:93,0
DA:94,0
DA:95,0
DA:96,0
DA:99,0
DA:101,0
DA:102,0
DA:104,0
DA:113,0
DA:114,0
DA:115,0
DA:116,0
DA:118,0
DA:119,0
DA:122,0
DA:125,0
DA:126,0
DA:130,0
DA:132,0
DA:143,0
DA:146,0
DA:147,0
DA:150,0
DA:153,0
DA:154,0
DA:157,0
DA:160,0
DA:161,0
DA:162,0
DA:163,0
DA:165,0
DA:166,0
DA:167,0
DA:168,0
DA:169,0
DA:174,0
DA:176,0
DA:178,0
DA:179,0
DA:180,0
DA:181,0
DA:193,0
DA:194,0
DA:195,0
DA:198,0
DA:199,0
DA:200,0
DA:202,0
LF:88
LH:1
end_of_record
SF:lib\presentation\widgets\app_drop_down.dart
DA:15,0
DA:27,0
DA:29,0
DA:30,0
DA:31,0
DA:33,0
DA:34,0
DA:35,0
DA:37,0
DA:38,0
DA:39,0
DA:40,0
DA:45,0
DA:46,0
DA:47,0
DA:48,0
DA:49,0
DA:50,0
DA:52,0
DA:54,0
DA:56,0
DA:61,0
DA:62,0
DA:65,0
DA:66,0
DA:67,0
DA:68,0
DA:69,0
DA:71,0
DA:72,0
DA:76,0
DA:78,0
DA:81,0
DA:85,0
DA:87,0
DA:90,0
DA:94,0
DA:96,0
LF:38
LH:0
end_of_record
SF:lib\presentation\screens\home\components\cart_panel_header.dart
DA:11,1
DA:13,0
DA:14,0
DA:18,0
DA:20,0
DA:21,0
DA:28,0
DA:29,0
DA:30,0
DA:31,0
DA:33,0
DA:41,0
DA:43,0
DA:44,0
DA:46,0
DA:52,0
DA:53,0
DA:54,0
DA:57,0
DA:58,0
DA:59,0
DA:65,0
DA:66,0
DA:67,0
DA:68,0
DA:70,0
DA:71,0
DA:72,0
DA:73,0
DA:77,0
DA:79,0
DA:81,0
DA:82,0
DA:83,0
DA:84,0
DA:89,0
DA:90,0
DA:91,0
DA:95,0
DA:96,0
DA:97,0
DA:100,0
DA:103,0
DA:105,0
DA:108,0
LF:45
LH:1
end_of_record
SF:lib\presentation\widgets\app_loading_more_indicator.dart
DA:10,0
DA:12,0
DA:14,0
DA:15,0
DA:16,0
DA:19,0
DA:20,0
DA:22,0
DA:26,0
LF:9
LH:0
end_of_record
SF:lib\presentation\screens\products\components\products_card.dart
DA:12,0
DA:18,0
DA:20,0
DA:21,0
DA:22,0
DA:23,0
DA:24,0
DA:27,0
DA:28,0
DA:30,0
DA:31,0
DA:32,0
DA:33,0
DA:35,0
DA:38,0
DA:40,0
DA:42,0
DA:43,0
DA:44,0
DA:45,0
DA:47,0
DA:48,0
DA:49,0
DA:50,0
DA:51,0
DA:52,0
DA:54,0
DA:59,0
DA:60,0
DA:62,0
DA:65,0
DA:67,0
DA:69,0
DA:74,0
DA:75,0
DA:76,0
DA:78,0
DA:80,0
DA:81,0
DA:83,0
DA:87,0
DA:88,0
DA:91,0
DA:92,0
DA:106,0
DA:107,0
DA:110,0
DA:113,0
DA:114,0
DA:115,0
DA:118,0
DA:121,0
DA:122,0
DA:123,0
DA:128,0
DA:129,0
DA:130,0
LF:57
LH:0
end_of_record
SF:lib\presentation\screens\welcome\welcome_screen.dart
DA:8,1
DA:10,0
DA:11,0
DA:15,0
DA:17,0
DA:18,0
DA:22,0
DA:23,0
DA:26,0
DA:28,0
DA:34,0
DA:36,0
DA:38,0
DA:41,0
LF:14
LH:1
end_of_record
SF:lib\presentation\screens\transactions\components\transaction_card.dart
DA:12,0
DA:14,0
DA:16,0
DA:18,0
DA:19,0
DA:20,0
DA:21,0
DA:23,0
DA:24,0
DA:26,0
DA:27,0
DA:28,0
DA:29,0
DA:31,0
DA:34,0
DA:36,0
DA:37,0
DA:38,0
DA:40,0
DA:41,0
DA:42,0
DA:45,0
DA:48,0
DA:49,0
DA:51,0
DA:57,0
DA:59,0
DA:60,0
DA:61,0
DA:63,0
DA:66,0
DA:67,0
DA:69,0
LF:33
LH:0
end_of_record
